[uWSGI] getting INI configuration from /data/deploy/prom_alert_transmitter/etc/uwsgi.ini
*** Starting uWSGI 2.0.15 (64bit) on [Thu Aug 17 19:24:19 2017] ***
compiled with version: 4.2.1 Compatible Apple LLVM 8.1.0 (clang-802.0.42) on 17 August 2017 18:00:21
os: Darwin-16.7.0 Darwin Kernel Version 16.7.0: Thu Jun 15 17:36:27 PDT 2017; root:xnu-3789.70.16~2/RELEASE_X86_64
nodename: schindeair.kingsoft.cn
machine: x86_64
clock source: unix
pcre jit disabled
detected number of CPU cores: 4
current working directory: /data/deploy/prom_alert_transmitter
detected binary path: /data/deploy/prom_alert_transmitter/venv/bin/uwsgi
chdir() to /data/deploy/prom_alert_transmitter
your processes number limit is 709
your memory page size is 4096 bytes
detected max file descriptor number: 1024
lock engine: OSX spinlocks
thunder lock: disabled (you can enable it with --thunder-lock)
uwsgi socket 0 bound to UNIX address /data/deploy/prom_alert_transmitter/uwsgi_web.sock fd 3
Python version: 2.7.10 (default, Feb  7 2017, 00:08:15)  [GCC 4.2.1 Compatible Apple LLVM 8.0.0 (clang-800.0.34)]
Python main interpreter initialized at 0x7f876fc09730
python threads support enabled
your server socket listen backlog is limited to 100 connections
your mercy for graceful operations on workers is 60 seconds
mapped 701920 bytes (685 KB) for 8 cores
*** Operational MODE: preforking+threaded ***
ImportError: No module named app
unable to load app 0 (mountpoint='') (callable not found or import error)
*** no app loaded. going in full dynamic mode ***
*** uWSGI is running in multiple interpreter mode ***
spawned uWSGI master process (pid: 21695)
spawned uWSGI worker 1 (pid: 21696, cores: 2)
spawned uWSGI worker 2 (pid: 21697, cores: 2)
spawned uWSGI worker 3 (pid: 21698, cores: 2)
spawned uWSGI worker 4 (pid: 21699, cores: 2)
SIGINT/SIGQUIT received...killing workers...
worker 4 buried after 1 seconds
worker 3 buried after 1 seconds
worker 2 buried after 1 seconds
worker 1 buried after 1 seconds
goodbye to uWSGI.
VACUUM: unix socket /data/deploy/prom_alert_transmitter/uwsgi_web.sock removed.
[uWSGI] getting INI configuration from /data/deploy/prom_alert_transmitter/etc/uwsgi.ini
*** Starting uWSGI 2.0.15 (64bit) on [Thu Aug 17 19:26:29 2017] ***
compiled with version: 4.2.1 Compatible Apple LLVM 8.1.0 (clang-802.0.42) on 17 August 2017 18:00:21
os: Darwin-16.7.0 Darwin Kernel Version 16.7.0: Thu Jun 15 17:36:27 PDT 2017; root:xnu-3789.70.16~2/RELEASE_X86_64
nodename: schindeair.kingsoft.cn
machine: x86_64
clock source: unix
pcre jit disabled
detected number of CPU cores: 4
current working directory: /data/deploy/prom_alert_transmitter
detected binary path: /data/deploy/prom_alert_transmitter/venv/bin/uwsgi
chdir() to /data/deploy/prom_alert_transmitter
your processes number limit is 709
your memory page size is 4096 bytes
detected max file descriptor number: 1024
lock engine: OSX spinlocks
thunder lock: disabled (you can enable it with --thunder-lock)
uwsgi socket 0 bound to UNIX address /data/deploy/prom_alert_transmitter/run/uwsgi_web.sock fd 3
Python version: 2.7.10 (default, Feb  7 2017, 00:08:15)  [GCC 4.2.1 Compatible Apple LLVM 8.0.0 (clang-800.0.34)]
Python main interpreter initialized at 0x7fa10de00e70
python threads support enabled
your server socket listen backlog is limited to 100 connections
your mercy for graceful operations on workers is 60 seconds
mapped 701920 bytes (685 KB) for 8 cores
*** Operational MODE: preforking+threaded ***
ImportError: No module named app
unable to load app 0 (mountpoint='') (callable not found or import error)
*** no app loaded. going in full dynamic mode ***
*** uWSGI is running in multiple interpreter mode ***
spawned uWSGI master process (pid: 21777)
spawned uWSGI worker 1 (pid: 21783, cores: 2)
spawned uWSGI worker 2 (pid: 21784, cores: 2)
spawned uWSGI worker 3 (pid: 21785, cores: 2)
spawned uWSGI worker 4 (pid: 21786, cores: 2)
SIGINT/SIGQUIT received...killing workers...
worker 4 buried after 1 seconds
worker 3 buried after 1 seconds
worker 2 buried after 1 seconds
worker 1 buried after 1 seconds
goodbye to uWSGI.
VACUUM: unix socket /data/deploy/prom_alert_transmitter/run/uwsgi_web.sock removed.
[uWSGI] getting INI configuration from /data/deploy/prom_alert_transmitter/etc/uwsgi.ini
*** Starting uWSGI 2.0.15 (64bit) on [Thu Aug 17 19:26:33 2017] ***
compiled with version: 4.2.1 Compatible Apple LLVM 8.1.0 (clang-802.0.42) on 17 August 2017 18:00:21
os: Darwin-16.7.0 Darwin Kernel Version 16.7.0: Thu Jun 15 17:36:27 PDT 2017; root:xnu-3789.70.16~2/RELEASE_X86_64
nodename: schindeair.kingsoft.cn
machine: x86_64
clock source: unix
pcre jit disabled
detected number of CPU cores: 4
current working directory: /data/deploy/prom_alert_transmitter
detected binary path: /data/deploy/prom_alert_transmitter/venv/bin/uwsgi
chdir() to /data/deploy/prom_alert_transmitter
your processes number limit is 709
your memory page size is 4096 bytes
detected max file descriptor number: 1024
lock engine: OSX spinlocks
thunder lock: disabled (you can enable it with --thunder-lock)
uwsgi socket 0 bound to UNIX address /data/deploy/prom_alert_transmitter/run/uwsgi_web.sock fd 3
Python version: 2.7.10 (default, Feb  7 2017, 00:08:15)  [GCC 4.2.1 Compatible Apple LLVM 8.0.0 (clang-800.0.34)]
Python main interpreter initialized at 0x7fd29fe005d0
python threads support enabled
your server socket listen backlog is limited to 100 connections
your mercy for graceful operations on workers is 60 seconds
mapped 701920 bytes (685 KB) for 8 cores
*** Operational MODE: preforking+threaded ***
ImportError: No module named app
unable to load app 0 (mountpoint='') (callable not found or import error)
*** no app loaded. going in full dynamic mode ***
*** uWSGI is running in multiple interpreter mode ***
spawned uWSGI master process (pid: 21805)
spawned uWSGI worker 1 (pid: 21806, cores: 2)
spawned uWSGI worker 2 (pid: 21807, cores: 2)
spawned uWSGI worker 3 (pid: 21808, cores: 2)
spawned uWSGI worker 4 (pid: 21809, cores: 2)
[uWSGI] getting INI configuration from /data/deploy/prom_alert_transmitter/etc/uwsgi.ini
*** Starting uWSGI 2.0.15 (64bit) on [Thu Aug 17 19:27:15 2017] ***
compiled with version: 4.2.1 Compatible Apple LLVM 8.1.0 (clang-802.0.42) on 17 August 2017 18:00:21
os: Darwin-16.7.0 Darwin Kernel Version 16.7.0: Thu Jun 15 17:36:27 PDT 2017; root:xnu-3789.70.16~2/RELEASE_X86_64
nodename: schindeair.kingsoft.cn
machine: x86_64
clock source: unix
pcre jit disabled
detected number of CPU cores: 4
current working directory: /data/deploy/prom_alert_transmitter
detected binary path: /data/deploy/prom_alert_transmitter/venv/bin/uwsgi
chdir() to /data/deploy/prom_alert_transmitter
your processes number limit is 709
your memory page size is 4096 bytes
detected max file descriptor number: 1024
lock engine: OSX spinlocks
thunder lock: disabled (you can enable it with --thunder-lock)
uwsgi socket 0 bound to UNIX address /data/deploy/prom_alert_transmitter/run/uwsgi_web.sock fd 3
Python version: 2.7.10 (default, Feb  7 2017, 00:08:15)  [GCC 4.2.1 Compatible Apple LLVM 8.0.0 (clang-800.0.34)]
Python main interpreter initialized at 0x7fa80f501270
python threads support enabled
your server socket listen backlog is limited to 100 connections
your mercy for graceful operations on workers is 60 seconds
mapped 701920 bytes (685 KB) for 8 cores
*** Operational MODE: preforking+threaded ***
ImportError: No module named app
unable to load app 0 (mountpoint='') (callable not found or import error)
*** no app loaded. going in full dynamic mode ***
*** uWSGI is running in multiple interpreter mode ***
spawned uWSGI master process (pid: 21874)
spawned uWSGI worker 1 (pid: 21875, cores: 2)
spawned uWSGI worker 2 (pid: 21876, cores: 2)
spawned uWSGI worker 3 (pid: 21877, cores: 2)
spawned uWSGI worker 4 (pid: 21878, cores: 2)
SIGINT/SIGQUIT received...killing workers...
worker 4 buried after 1 seconds
worker 3 buried after 1 seconds
worker 2 buried after 1 seconds
worker 1 buried after 1 seconds
goodbye to uWSGI.
VACUUM: unix socket /data/deploy/prom_alert_transmitter/run/uwsgi_web.sock removed.
[uWSGI] getting INI configuration from /data/deploy/prom_alert_transmitter/etc/uwsgi.ini
*** Starting uWSGI 2.0.15 (64bit) on [Thu Aug 17 19:34:03 2017] ***
compiled with version: 4.2.1 Compatible Apple LLVM 8.1.0 (clang-802.0.42) on 17 August 2017 18:00:21
os: Darwin-16.7.0 Darwin Kernel Version 16.7.0: Thu Jun 15 17:36:27 PDT 2017; root:xnu-3789.70.16~2/RELEASE_X86_64
nodename: schindeair.kingsoft.cn
machine: x86_64
clock source: unix
pcre jit disabled
detected number of CPU cores: 4
current working directory: /data/deploy/prom_alert_transmitter
detected binary path: /data/deploy/prom_alert_transmitter/venv/bin/uwsgi
chdir() to /data/deploy/prom_alert_transmitter
your processes number limit is 709
your memory page size is 4096 bytes
detected max file descriptor number: 1024
lock engine: OSX spinlocks
thunder lock: disabled (you can enable it with --thunder-lock)
uWSGI http bound on 127.0.0.1:8001 fd 3
uwsgi socket 0 bound to UNIX address /data/deploy/prom_alert_transmitter/run/uwsgi_web.sock fd 6
Python version: 2.7.10 (default, Feb  7 2017, 00:08:15)  [GCC 4.2.1 Compatible Apple LLVM 8.0.0 (clang-800.0.34)]
Python main interpreter initialized at 0x7f9661e00640
python threads support enabled
your server socket listen backlog is limited to 100 connections
your mercy for graceful operations on workers is 60 seconds
mapped 701920 bytes (685 KB) for 8 cores
*** Operational MODE: preforking+threaded ***
ImportError: No module named app
unable to load app 0 (mountpoint='') (callable not found or import error)
*** no app loaded. going in full dynamic mode ***
*** uWSGI is running in multiple interpreter mode ***
spawned uWSGI master process (pid: 22013)
spawned uWSGI worker 1 (pid: 22014, cores: 2)
spawned uWSGI worker 2 (pid: 22015, cores: 2)
spawned uWSGI worker 3 (pid: 22016, cores: 2)
spawned uWSGI worker 4 (pid: 22017, cores: 2)
spawned uWSGI http 1 (pid: 22018)
[uWSGI] getting INI configuration from /data/deploy/prom_alert_transmitter/etc/uwsgi.ini
*** Starting uWSGI 2.0.15 (64bit) on [Thu Aug 17 19:34:40 2017] ***
compiled with version: 4.2.1 Compatible Apple LLVM 8.1.0 (clang-802.0.42) on 17 August 2017 18:00:21
os: Darwin-16.7.0 Darwin Kernel Version 16.7.0: Thu Jun 15 17:36:27 PDT 2017; root:xnu-3789.70.16~2/RELEASE_X86_64
nodename: schindeair.kingsoft.cn
machine: x86_64
clock source: unix
pcre jit disabled
detected number of CPU cores: 4
current working directory: /data/deploy/prom_alert_transmitter
detected binary path: /data/deploy/prom_alert_transmitter/venv/bin/uwsgi
chdir() to /data/deploy/prom_alert_transmitter
your processes number limit is 709
your memory page size is 4096 bytes
detected max file descriptor number: 1024
lock engine: OSX spinlocks
thunder lock: disabled (you can enable it with --thunder-lock)
probably another instance of uWSGI is running on the same address (127.0.0.1:8001).
bind(): Address already in use [core/socket.c line 769]
[uWSGI] getting INI configuration from /data/deploy/prom_alert_transmitter/etc/uwsgi.ini
*** Starting uWSGI 2.0.15 (64bit) on [Thu Aug 17 19:34:41 2017] ***
compiled with version: 4.2.1 Compatible Apple LLVM 8.1.0 (clang-802.0.42) on 17 August 2017 18:00:21
os: Darwin-16.7.0 Darwin Kernel Version 16.7.0: Thu Jun 15 17:36:27 PDT 2017; root:xnu-3789.70.16~2/RELEASE_X86_64
nodename: schindeair.kingsoft.cn
machine: x86_64
clock source: unix
pcre jit disabled
detected number of CPU cores: 4
current working directory: /data/deploy/prom_alert_transmitter
detected binary path: /data/deploy/prom_alert_transmitter/venv/bin/uwsgi
chdir() to /data/deploy/prom_alert_transmitter
your processes number limit is 709
your memory page size is 4096 bytes
detected max file descriptor number: 1024
lock engine: OSX spinlocks
thunder lock: disabled (you can enable it with --thunder-lock)
probably another instance of uWSGI is running on the same address (127.0.0.1:8001).
bind(): Address already in use [core/socket.c line 769]
[uWSGI] getting INI configuration from /data/deploy/prom_alert_transmitter/etc/uwsgi.ini
*** Starting uWSGI 2.0.15 (64bit) on [Thu Aug 17 19:34:43 2017] ***
compiled with version: 4.2.1 Compatible Apple LLVM 8.1.0 (clang-802.0.42) on 17 August 2017 18:00:21
os: Darwin-16.7.0 Darwin Kernel Version 16.7.0: Thu Jun 15 17:36:27 PDT 2017; root:xnu-3789.70.16~2/RELEASE_X86_64
nodename: schindeair.kingsoft.cn
machine: x86_64
clock source: unix
pcre jit disabled
detected number of CPU cores: 4
current working directory: /data/deploy/prom_alert_transmitter
detected binary path: /data/deploy/prom_alert_transmitter/venv/bin/uwsgi
chdir() to /data/deploy/prom_alert_transmitter
your processes number limit is 709
your memory page size is 4096 bytes
detected max file descriptor number: 1024
lock engine: OSX spinlocks
thunder lock: disabled (you can enable it with --thunder-lock)
probably another instance of uWSGI is running on the same address (127.0.0.1:8001).
bind(): Address already in use [core/socket.c line 769]
[uWSGI] getting INI configuration from /data/deploy/prom_alert_transmitter/etc/uwsgi.ini
*** Starting uWSGI 2.0.15 (64bit) on [Thu Aug 17 19:34:46 2017] ***
compiled with version: 4.2.1 Compatible Apple LLVM 8.1.0 (clang-802.0.42) on 17 August 2017 18:00:21
os: Darwin-16.7.0 Darwin Kernel Version 16.7.0: Thu Jun 15 17:36:27 PDT 2017; root:xnu-3789.70.16~2/RELEASE_X86_64
nodename: schindeair.kingsoft.cn
machine: x86_64
clock source: unix
pcre jit disabled
detected number of CPU cores: 4
current working directory: /data/deploy/prom_alert_transmitter
detected binary path: /data/deploy/prom_alert_transmitter/venv/bin/uwsgi
chdir() to /data/deploy/prom_alert_transmitter
your processes number limit is 709
your memory page size is 4096 bytes
detected max file descriptor number: 1024
lock engine: OSX spinlocks
thunder lock: disabled (you can enable it with --thunder-lock)
probably another instance of uWSGI is running on the same address (127.0.0.1:8001).
bind(): Address already in use [core/socket.c line 769]
[uWSGI] getting INI configuration from /data/deploy/prom_alert_transmitter/etc/uwsgi.ini
*** Starting uWSGI 2.0.15 (64bit) on [Thu Aug 17 19:55:06 2017] ***
compiled with version: 4.2.1 Compatible Apple LLVM 8.1.0 (clang-802.0.42) on 17 August 2017 18:00:21
os: Darwin-16.7.0 Darwin Kernel Version 16.7.0: Thu Jun 15 17:36:27 PDT 2017; root:xnu-3789.70.16~2/RELEASE_X86_64
nodename: schindeair.kingsoft.cn
machine: x86_64
clock source: unix
pcre jit disabled
detected number of CPU cores: 4
current working directory: /data/deploy/prom_alert_transmitter
detected binary path: /data/deploy/prom_alert_transmitter/venv/bin/uwsgi
chdir() to /data/deploy/prom_alert_transmitter
your processes number limit is 709
your memory page size is 4096 bytes
detected max file descriptor number: 1024
lock engine: OSX spinlocks
thunder lock: disabled (you can enable it with --thunder-lock)
uWSGI http bound on 127.0.0.1:8080 fd 4
uwsgi socket 0 bound to TCP address 127.0.0.1:50873 (port auto-assigned) fd 3
Python version: 2.7.10 (default, Feb  7 2017, 00:08:15)  [GCC 4.2.1 Compatible Apple LLVM 8.0.0 (clang-800.0.34)]
Python main interpreter initialized at 0x7f83fe40ab10
python threads support enabled
your server socket listen backlog is limited to 100 connections
your mercy for graceful operations on workers is 60 seconds
mapped 701920 bytes (685 KB) for 8 cores
*** Operational MODE: preforking+threaded ***
ImportError: No module named app
unable to load app 0 (mountpoint='') (callable not found or import error)
*** no app loaded. going in full dynamic mode ***
*** uWSGI is running in multiple interpreter mode ***
spawned uWSGI master process (pid: 22574)
spawned uWSGI worker 1 (pid: 22575, cores: 2)
spawned uWSGI worker 2 (pid: 22576, cores: 2)
spawned uWSGI worker 3 (pid: 22577, cores: 2)
spawned uWSGI worker 4 (pid: 22578, cores: 2)
spawned uWSGI http 1 (pid: 22579)
--- no python application found, check your startup logs for errors ---
[pid: 22576|app: -1|req: -1/1] 127.0.0.1 () {36 vars in 674 bytes} [Thu Aug 17 19:55:43 2017] GET / => generated 21 bytes in 0 msecs (HTTP/1.1 500) 2 headers in 83 bytes (0 switches on core 0)
--- no python application found, check your startup logs for errors ---
[pid: 22575|app: -1|req: -1/2] 127.0.0.1 () {36 vars in 653 bytes} [Thu Aug 17 19:55:43 2017] GET /favicon.ico => generated 21 bytes in 0 msecs (HTTP/1.1 500) 2 headers in 83 bytes (0 switches on core 1)
--- no python application found, check your startup logs for errors ---
[pid: 22576|app: -1|req: -1/3] 127.0.0.1 () {32 vars in 375 bytes} [Thu Aug 17 19:56:13 2017] POST / => generated 21 bytes in 0 msecs (HTTP/1.1 500) 2 headers in 83 bytes (1 switches on core 0)
--- no python application found, check your startup logs for errors ---
[pid: 22575|app: -1|req: -1/4] 127.0.0.1 () {32 vars in 391 bytes} [Thu Aug 17 19:56:33 2017] POST /dingding => generated 21 bytes in 0 msecs (HTTP/1.1 500) 2 headers in 83 bytes (0 switches on core 1)
--- no python application found, check your startup logs for errors ---
[pid: 22575|app: -1|req: -1/5] 127.0.0.1 () {32 vars in 391 bytes} [Thu Aug 17 19:58:24 2017] POST /dingding => generated 21 bytes in 0 msecs (HTTP/1.1 500) 2 headers in 83 bytes (1 switches on core 0)
SIGINT/SIGQUIT received...killing workers...
gateway "uWSGI http 1" has been buried (pid: 22579)
worker 4 buried after 1 seconds
worker 3 buried after 1 seconds
worker 2 buried after 1 seconds
worker 1 buried after 1 seconds
goodbye to uWSGI.
[uWSGI] getting INI configuration from /data/deploy/prom_alert_transmitter/etc/uwsgi.ini
*** Starting uWSGI 2.0.15 (64bit) on [Thu Aug 17 19:59:56 2017] ***
compiled with version: 4.2.1 Compatible Apple LLVM 8.1.0 (clang-802.0.42) on 17 August 2017 18:00:21
os: Darwin-16.7.0 Darwin Kernel Version 16.7.0: Thu Jun 15 17:36:27 PDT 2017; root:xnu-3789.70.16~2/RELEASE_X86_64
nodename: schindeair.kingsoft.cn
machine: x86_64
clock source: unix
pcre jit disabled
detected number of CPU cores: 4
current working directory: /data/deploy/prom_alert_transmitter
detected binary path: /data/deploy/prom_alert_transmitter/venv/bin/uwsgi
chdir() to /data/deploy/prom_alert_transmitter
your processes number limit is 709
your memory page size is 4096 bytes
detected max file descriptor number: 1024
lock engine: OSX spinlocks
thunder lock: disabled (you can enable it with --thunder-lock)
uWSGI http bound on 127.0.0.1:8080 fd 4
uwsgi socket 0 bound to TCP address 127.0.0.1:50922 (port auto-assigned) fd 3
Python version: 2.7.10 (default, Feb  7 2017, 00:08:15)  [GCC 4.2.1 Compatible Apple LLVM 8.0.0 (clang-800.0.34)]
Python main interpreter initialized at 0x7fe8495011a0
python threads support enabled
your server socket listen backlog is limited to 100 connections
your mercy for graceful operations on workers is 60 seconds
mapped 701920 bytes (685 KB) for 8 cores
*** Operational MODE: preforking+threaded ***
ImportError: No module named manage
unable to load app 0 (mountpoint='') (callable not found or import error)
*** no app loaded. going in full dynamic mode ***
*** uWSGI is running in multiple interpreter mode ***
spawned uWSGI master process (pid: 22731)
spawned uWSGI worker 1 (pid: 22732, cores: 2)
spawned uWSGI worker 2 (pid: 22733, cores: 2)
spawned uWSGI worker 3 (pid: 22734, cores: 2)
spawned uWSGI worker 4 (pid: 22735, cores: 2)
spawned uWSGI http 1 (pid: 22736)
gateway "uWSGI http 1" has been buried (pid: 22736)
...brutally killing workers...
worker 4 buried after 1 seconds
worker 3 buried after 1 seconds
worker 2 buried after 1 seconds
worker 1 buried after 1 seconds
binary reloading uWSGI...
chdir() to /data/deploy/prom_alert_transmitter
closing all non-uwsgi socket fds > 2 (max_fd = 1024)...
found fd 3 mapped to socket 0 (127.0.0.1:50922)
running /data/deploy/prom_alert_transmitter/venv/bin/uwsgi
[uWSGI] getting INI configuration from /data/deploy/prom_alert_transmitter/etc/uwsgi.ini
*** Starting uWSGI 2.0.15 (64bit) on [Thu Aug 17 20:00:15 2017] ***
compiled with version: 4.2.1 Compatible Apple LLVM 8.1.0 (clang-802.0.42) on 17 August 2017 18:00:21
os: Darwin-16.7.0 Darwin Kernel Version 16.7.0: Thu Jun 15 17:36:27 PDT 2017; root:xnu-3789.70.16~2/RELEASE_X86_64
nodename: schindeair.kingsoft.cn
machine: x86_64
clock source: unix
pcre jit disabled
detected number of CPU cores: 4
current working directory: /data/deploy/prom_alert_transmitter
detected binary path: /data/deploy/prom_alert_transmitter/venv/bin/uwsgi
chdir() to /data/deploy/prom_alert_transmitter
your processes number limit is 709
your memory page size is 4096 bytes
detected max file descriptor number: 1024
lock engine: OSX spinlocks
thunder lock: disabled (you can enable it with --thunder-lock)
uWSGI http bound on 127.0.0.1:8080 fd 5
uwsgi socket 0 bound to TCP address 127.0.0.1:50924 (port auto-assigned) fd 4
Python version: 2.7.10 (default, Feb  7 2017, 00:08:15)  [GCC 4.2.1 Compatible Apple LLVM 8.0.0 (clang-800.0.34)]
Python main interpreter initialized at 0x7fb9e4d0a090
python threads support enabled
your server socket listen backlog is limited to 100 connections
your mercy for graceful operations on workers is 60 seconds
mapped 701920 bytes (685 KB) for 8 cores
*** Operational MODE: preforking+threaded ***
ImportError: No module named manage
unable to load app 0 (mountpoint='') (callable not found or import error)
*** no app loaded. going in full dynamic mode ***
*** uWSGI is running in multiple interpreter mode ***
gracefully (RE)spawned uWSGI master process (pid: 22731)
spawned uWSGI worker 1 (pid: 22756, cores: 2)
spawned uWSGI worker 2 (pid: 22757, cores: 2)
spawned uWSGI worker 3 (pid: 22758, cores: 2)
spawned uWSGI worker 4 (pid: 22759, cores: 2)
spawned uWSGI http 1 (pid: 22760)
Thu Aug 17 20:00:23 2017 - uWSGI worker 4 screams: UAAAAAAH my master disconnected: i will kill myself !!!
Thu Aug 17 20:00:23 2017 - uWSGI worker 2 screams: UAAAAAAH my master disconnected: i will kill myself !!!
Thu Aug 17 20:00:23 2017 - uWSGI worker 3 screams: UAAAAAAH my master disconnected: i will kill myself !!!
Thu Aug 17 20:00:23 2017 - uWSGI worker 2 screams: UAAAAAAH my master disconnected: i will kill myself !!!
Thu Aug 17 20:00:23 2017 - uWSGI worker 3 screams: UAAAAAAH my master disconnected: i will kill myself !!!
[uWSGI] getting INI configuration from /data/deploy/prom_alert_transmitter/etc/uwsgi.ini
*** Starting uWSGI 2.0.15 (64bit) on [Thu Aug 17 20:00:24 2017] ***
compiled with version: 4.2.1 Compatible Apple LLVM 8.1.0 (clang-802.0.42) on 17 August 2017 18:00:21
os: Darwin-16.7.0 Darwin Kernel Version 16.7.0: Thu Jun 15 17:36:27 PDT 2017; root:xnu-3789.70.16~2/RELEASE_X86_64
nodename: schindeair.kingsoft.cn
machine: x86_64
clock source: unix
pcre jit disabled
detected number of CPU cores: 4
current working directory: /data/deploy/prom_alert_transmitter
detected binary path: /data/deploy/prom_alert_transmitter/venv/bin/uwsgi
chdir() to /data/deploy/prom_alert_transmitter
your processes number limit is 709
your memory page size is 4096 bytes
detected max file descriptor number: 1024
lock engine: OSX spinlocks
thunder lock: disabled (you can enable it with --thunder-lock)
probably another instance of uWSGI is running on the same address (127.0.0.1:8080).
bind(): Address already in use [core/socket.c line 769]
[uWSGI] getting INI configuration from /data/deploy/prom_alert_transmitter/etc/uwsgi.ini
*** Starting uWSGI 2.0.15 (64bit) on [Thu Aug 17 20:00:25 2017] ***
compiled with version: 4.2.1 Compatible Apple LLVM 8.1.0 (clang-802.0.42) on 17 August 2017 18:00:21
os: Darwin-16.7.0 Darwin Kernel Version 16.7.0: Thu Jun 15 17:36:27 PDT 2017; root:xnu-3789.70.16~2/RELEASE_X86_64
nodename: schindeair.kingsoft.cn
machine: x86_64
clock source: unix
pcre jit disabled
detected number of CPU cores: 4
current working directory: /data/deploy/prom_alert_transmitter
detected binary path: /data/deploy/prom_alert_transmitter/venv/bin/uwsgi
chdir() to /data/deploy/prom_alert_transmitter
your processes number limit is 709
your memory page size is 4096 bytes
detected max file descriptor number: 1024
lock engine: OSX spinlocks
thunder lock: disabled (you can enable it with --thunder-lock)
probably another instance of uWSGI is running on the same address (127.0.0.1:8080).
bind(): Address already in use [core/socket.c line 769]
[uWSGI] getting INI configuration from /data/deploy/prom_alert_transmitter/etc/uwsgi.ini
*** Starting uWSGI 2.0.15 (64bit) on [Thu Aug 17 20:00:27 2017] ***
compiled with version: 4.2.1 Compatible Apple LLVM 8.1.0 (clang-802.0.42) on 17 August 2017 18:00:21
os: Darwin-16.7.0 Darwin Kernel Version 16.7.0: Thu Jun 15 17:36:27 PDT 2017; root:xnu-3789.70.16~2/RELEASE_X86_64
nodename: schindeair.kingsoft.cn
machine: x86_64
clock source: unix
pcre jit disabled
detected number of CPU cores: 4
current working directory: /data/deploy/prom_alert_transmitter
detected binary path: /data/deploy/prom_alert_transmitter/venv/bin/uwsgi
chdir() to /data/deploy/prom_alert_transmitter
your processes number limit is 709
your memory page size is 4096 bytes
detected max file descriptor number: 1024
lock engine: OSX spinlocks
thunder lock: disabled (you can enable it with --thunder-lock)
probably another instance of uWSGI is running on the same address (127.0.0.1:8080).
bind(): Address already in use [core/socket.c line 769]
[uWSGI] getting INI configuration from /data/deploy/prom_alert_transmitter/etc/uwsgi.ini
*** Starting uWSGI 2.0.15 (64bit) on [Thu Aug 17 20:00:30 2017] ***
compiled with version: 4.2.1 Compatible Apple LLVM 8.1.0 (clang-802.0.42) on 17 August 2017 18:00:21
os: Darwin-16.7.0 Darwin Kernel Version 16.7.0: Thu Jun 15 17:36:27 PDT 2017; root:xnu-3789.70.16~2/RELEASE_X86_64
nodename: schindeair.kingsoft.cn
machine: x86_64
clock source: unix
pcre jit disabled
detected number of CPU cores: 4
current working directory: /data/deploy/prom_alert_transmitter
detected binary path: /data/deploy/prom_alert_transmitter/venv/bin/uwsgi
chdir() to /data/deploy/prom_alert_transmitter
your processes number limit is 709
your memory page size is 4096 bytes
detected max file descriptor number: 1024
lock engine: OSX spinlocks
thunder lock: disabled (you can enable it with --thunder-lock)
probably another instance of uWSGI is running on the same address (127.0.0.1:8080).
bind(): Address already in use [core/socket.c line 769]
[uWSGI] getting INI configuration from /data/deploy/prom_alert_transmitter/etc/uwsgi.ini
*** Starting uWSGI 2.0.15 (64bit) on [Thu Aug 17 20:01:43 2017] ***
compiled with version: 4.2.1 Compatible Apple LLVM 8.1.0 (clang-802.0.42) on 17 August 2017 18:00:21
os: Darwin-16.7.0 Darwin Kernel Version 16.7.0: Thu Jun 15 17:36:27 PDT 2017; root:xnu-3789.70.16~2/RELEASE_X86_64
nodename: schindeair.kingsoft.cn
machine: x86_64
clock source: unix
pcre jit disabled
detected number of CPU cores: 4
current working directory: /data/deploy/prom_alert_transmitter
detected binary path: /data/deploy/prom_alert_transmitter/venv/bin/uwsgi
chdir() to /data/deploy/prom_alert_transmitter
your processes number limit is 709
your memory page size is 4096 bytes
detected max file descriptor number: 1024
lock engine: OSX spinlocks
thunder lock: disabled (you can enable it with --thunder-lock)
uWSGI http bound on 127.0.0.1:8080 fd 4
uwsgi socket 0 bound to TCP address 127.0.0.1:50934 (port auto-assigned) fd 3
Python version: 2.7.10 (default, Feb  7 2017, 00:08:15)  [GCC 4.2.1 Compatible Apple LLVM 8.0.0 (clang-800.0.34)]
Python main interpreter initialized at 0x7fb3dfc0a850
python threads support enabled
your server socket listen backlog is limited to 100 connections
your mercy for graceful operations on workers is 60 seconds
mapped 701920 bytes (685 KB) for 8 cores
*** Operational MODE: preforking+threaded ***
ImportError: No module named manage
unable to load app 0 (mountpoint='') (callable not found or import error)
*** no app loaded. going in full dynamic mode ***
*** uWSGI is running in multiple interpreter mode ***
spawned uWSGI master process (pid: 22827)
spawned uWSGI worker 1 (pid: 22828, cores: 2)
spawned uWSGI worker 2 (pid: 22829, cores: 2)
spawned uWSGI worker 3 (pid: 22830, cores: 2)
spawned uWSGI worker 4 (pid: 22831, cores: 2)
spawned uWSGI http 1 (pid: 22832)
--- no python application found, check your startup logs for errors ---
[pid: 22831|app: -1|req: -1/1] 127.0.0.1 () {32 vars in 391 bytes} [Thu Aug 17 20:01:45 2017] POST /dingding => generated 21 bytes in 0 msecs (HTTP/1.1 500) 2 headers in 83 bytes (0 switches on core 0)
[uWSGI] getting INI configuration from /data/deploy/prom_alert_transmitter/etc/uwsgi.ini
*** Starting uWSGI 2.0.15 (64bit) on [Thu Aug 17 20:03:22 2017] ***
compiled with version: 4.2.1 Compatible Apple LLVM 8.1.0 (clang-802.0.42) on 17 August 2017 18:00:21
os: Darwin-16.7.0 Darwin Kernel Version 16.7.0: Thu Jun 15 17:36:27 PDT 2017; root:xnu-3789.70.16~2/RELEASE_X86_64
nodename: schindeair.kingsoft.cn
machine: x86_64
clock source: unix
pcre jit disabled
detected number of CPU cores: 4
current working directory: /data/deploy/prom_alert_transmitter
detected binary path: /data/deploy/prom_alert_transmitter/venv/bin/uwsgi
chdir() to /data/deploy/prom_alert_transmitter
your processes number limit is 709
your memory page size is 4096 bytes
detected max file descriptor number: 1024
lock engine: OSX spinlocks
thunder lock: disabled (you can enable it with --thunder-lock)
uWSGI http bound on 127.0.0.1:8080 fd 4
uwsgi socket 0 bound to TCP address 127.0.0.1:50969 (port auto-assigned) fd 3
Python version: 2.7.10 (default, Feb  7 2017, 00:08:15)  [GCC 4.2.1 Compatible Apple LLVM 8.0.0 (clang-800.0.34)]
Python main interpreter initialized at 0x7fb0a1d00de0
python threads support enabled
your server socket listen backlog is limited to 100 connections
your mercy for graceful operations on workers is 60 seconds
mapped 701920 bytes (685 KB) for 8 cores
*** Operational MODE: preforking+threaded ***
WSGI app 0 (mountpoint='') ready in 1 seconds on interpreter 0x7fb0a1d00de0 pid: 22912 (default app)
*** uWSGI is running in multiple interpreter mode ***
spawned uWSGI master process (pid: 22912)
spawned uWSGI worker 1 (pid: 22914, cores: 2)
spawned uWSGI worker 2 (pid: 22915, cores: 2)
spawned uWSGI worker 3 (pid: 22916, cores: 2)
spawned uWSGI worker 4 (pid: 22917, cores: 2)
spawned uWSGI http 1 (pid: 22918)
[pid: 22914|app: 0|req: 1/1] 127.0.0.1 () {32 vars in 390 bytes} [Thu Aug 17 20:03:23 2017] POST /dingding => generated 69 bytes in 597 msecs (HTTP/1.1 200) 2 headers in 71 bytes (3 switches on core 0)
[uWSGI] getting INI configuration from /data/deploy/prom_alert_transmitter/etc/uwsgi.ini
*** Starting uWSGI 2.0.15 (64bit) on [Thu Aug 17 20:13:09 2017] ***
compiled with version: 4.2.1 Compatible Apple LLVM 8.1.0 (clang-802.0.42) on 17 August 2017 18:00:21
os: Darwin-16.7.0 Darwin Kernel Version 16.7.0: Thu Jun 15 17:36:27 PDT 2017; root:xnu-3789.70.16~2/RELEASE_X86_64
nodename: schindeair.kingsoft.cn
machine: x86_64
clock source: unix
pcre jit disabled
detected number of CPU cores: 4
current working directory: /data/deploy/prom_alert_transmitter
detected binary path: /data/deploy/prom_alert_transmitter/venv/bin/uwsgi
chdir() to /data/deploy/prom_alert_transmitter
your processes number limit is 709
your memory page size is 4096 bytes
detected max file descriptor number: 1024
lock engine: OSX spinlocks
thunder lock: disabled (you can enable it with --thunder-lock)
uWSGI http bound on 127.0.0.1:8080 fd 4
uwsgi socket 0 bound to TCP address 127.0.0.1:51086 (port auto-assigned) fd 3
Python version: 2.7.10 (default, Feb  7 2017, 00:08:15)  [GCC 4.2.1 Compatible Apple LLVM 8.0.0 (clang-800.0.34)]
Python main interpreter initialized at 0x7fc138501250
python threads support enabled
your server socket listen backlog is limited to 100 connections
your mercy for graceful operations on workers is 60 seconds
mapped 701920 bytes (685 KB) for 8 cores
*** Operational MODE: preforking+threaded ***
WSGI app 0 (mountpoint='') ready in 1 seconds on interpreter 0x7fc138501250 pid: 23260 (default app)
*** uWSGI is running in multiple interpreter mode ***
spawned uWSGI master process (pid: 23260)
spawned uWSGI worker 1 (pid: 23261, cores: 2)
spawned uWSGI worker 2 (pid: 23262, cores: 2)
spawned uWSGI worker 3 (pid: 23263, cores: 2)
spawned uWSGI worker 4 (pid: 23264, cores: 2)
spawned uWSGI http 1 (pid: 23265)
[pid: 23263|app: 0|req: 1/1] 127.0.0.1 () {32 vars in 391 bytes} [Thu Aug 17 20:14:25 2017] POST /dingding => generated 69 bytes in 869 msecs (HTTP/1.1 200) 2 headers in 71 bytes (2 switches on core 0)
gateway "uWSGI http 1" has been buried (pid: 23265)
...brutally killing workers...
worker 4 buried after 1 seconds
worker 3 buried after 1 seconds
worker 2 buried after 1 seconds
worker 1 buried after 1 seconds
binary reloading uWSGI...
chdir() to /data/deploy/prom_alert_transmitter
closing all non-uwsgi socket fds > 2 (max_fd = 1024)...
found fd 3 mapped to socket 0 (127.0.0.1:51086)
running /data/deploy/prom_alert_transmitter/venv/bin/uwsgi
[uWSGI] getting INI configuration from /data/deploy/prom_alert_transmitter/etc/uwsgi.ini
*** Starting uWSGI 2.0.15 (64bit) on [Thu Aug 17 20:31:39 2017] ***
compiled with version: 4.2.1 Compatible Apple LLVM 8.1.0 (clang-802.0.42) on 17 August 2017 18:00:21
os: Darwin-16.7.0 Darwin Kernel Version 16.7.0: Thu Jun 15 17:36:27 PDT 2017; root:xnu-3789.70.16~2/RELEASE_X86_64
nodename: schindeair.kingsoft.cn
machine: x86_64
clock source: unix
pcre jit disabled
detected number of CPU cores: 4
current working directory: /data/deploy/prom_alert_transmitter
detected binary path: /data/deploy/prom_alert_transmitter/venv/bin/uwsgi
chdir() to /data/deploy/prom_alert_transmitter
your processes number limit is 709
your memory page size is 4096 bytes
detected max file descriptor number: 1024
lock engine: OSX spinlocks
thunder lock: disabled (you can enable it with --thunder-lock)
uWSGI http bound on 127.0.0.1:8080 fd 5
uwsgi socket 0 bound to TCP address 127.0.0.1:51279 (port auto-assigned) fd 4
Python version: 2.7.10 (default, Feb  7 2017, 00:08:15)  [GCC 4.2.1 Compatible Apple LLVM 8.0.0 (clang-800.0.34)]
Python main interpreter initialized at 0x7f9271c00f10
python threads support enabled
your server socket listen backlog is limited to 100 connections
your mercy for graceful operations on workers is 60 seconds
mapped 701920 bytes (685 KB) for 8 cores
*** Operational MODE: preforking+threaded ***
WSGI app 0 (mountpoint='') ready in 0 seconds on interpreter 0x7f9271c00f10 pid: 23260 (default app)
*** uWSGI is running in multiple interpreter mode ***
gracefully (RE)spawned uWSGI master process (pid: 23260)
spawned uWSGI worker 1 (pid: 23741, cores: 2)
spawned uWSGI worker 2 (pid: 23742, cores: 2)
spawned uWSGI worker 3 (pid: 23743, cores: 2)
spawned uWSGI worker 4 (pid: 23744, cores: 2)
spawned uWSGI http 1 (pid: 23745)
Thu Aug 17 20:31:48 2017 - uWSGI worker 4 screams: UAAAAAAH my master disconnected: i will kill myself !!!
Thu Aug 17 20:31:48 2017 - uWSGI worker 3 screams: UAAAAAAH my master disconnected: i will kill myself !!!
Thu Aug 17 20:31:48 2017 - uWSGI worker 2 screams: UAAAAAAH my master disconnected: i will kill myself !!!
